\BOOKMARK [0][-]{chapter.1}{\376\377\000I\000n\000t\000r\000o\000d\000u\000c\000c\000i\000\363\000n}{}% 1
\BOOKMARK [1][-]{section.1.1}{\376\377\000M\000o\000t\000i\000v\000a\000c\000i\000\363\000n\000\040\000y\000\040\000o\000b\000j\000e\000t\000i\000v\000o\000s}{chapter.1}% 2
\BOOKMARK [1][-]{section.1.2}{\376\377\000S\000u\000b\000c\000o\000n\000j\000u\000n\000t\000o\000\040\000d\000e\000l\000\040\000l\000e\000n\000g\000u\000a\000j\000e}{chapter.1}% 3
\BOOKMARK [1][-]{section.1.3}{\376\377\000H\000e\000r\000r\000a\000m\000i\000e\000n\000t\000a\000s\000\040\000u\000t\000i\000l\000i\000z\000a\000d\000a\000s}{chapter.1}% 4
\BOOKMARK [1][-]{section.1.4}{\376\377\000E\000s\000t\000r\000u\000c\000t\000u\000r\000a\000\040\000d\000e\000l\000\040\000d\000o\000c\000u\000m\000e\000n\000t\000o}{chapter.1}% 5
\BOOKMARK [0][-]{chapter.2}{\376\377\000A\000r\000q\000u\000i\000t\000e\000c\000t\000u\000r\000a\000\040\000d\000e\000l\000\040\000c\000o\000m\000p\000i\000l\000a\000d\000o\000r}{}% 6
\BOOKMARK [1][-]{section.2.1}{\376\377\000V\000i\000s\000t\000a\000\040\000g\000l\000o\000b\000a\000l\000\040\000d\000e\000l\000\040\000p\000i\000p\000e\000l\000i\000n\000e}{chapter.2}% 7
\BOOKMARK [1][-]{section.2.2}{\376\377\000R\000e\000p\000r\000e\000s\000e\000n\000t\000a\000c\000i\000o\000n\000e\000s\000\040\000i\000n\000t\000e\000r\000m\000e\000d\000i\000a\000s}{chapter.2}% 8
\BOOKMARK [1][-]{section.2.3}{\376\377\000M\000o\000d\000o\000s\000\040\000d\000e\000\040\000o\000p\000e\000r\000a\000c\000i\000o\000n}{chapter.2}% 9
\BOOKMARK [1][-]{section.2.4}{\376\377\000P\000a\000t\000r\000o\000n\000\040\000V\000i\000s\000i\000t\000o\000r}{chapter.2}% 10
\BOOKMARK [1][-]{section.2.5}{\376\377\000E\000s\000t\000r\000u\000c\000t\000u\000r\000a\000\040\000d\000e\000\040\000d\000i\000r\000e\000c\000t\000o\000r\000i\000o\000s}{chapter.2}% 11
\BOOKMARK [0][-]{chapter.3}{\376\377\000F\000r\000o\000n\000t\000e\000n\000d\000:\000\040\000A\000n\000\341\000l\000i\000s\000i\000s\000\040\000l\000\351\000x\000i\000c\000o\000-\000s\000i\000n\000t\000\341\000c\000t\000i\000c\000o}{}% 12
\BOOKMARK [1][-]{section.3.1}{\376\377\000A\000n\000\341\000l\000i\000s\000i\000s\000\040\000l\000\351\000x\000i\000c\000o}{chapter.3}% 13
\BOOKMARK [2][-]{subsection.3.1.1}{\376\377\000C\000a\000t\000e\000g\000o\000r\000\355\000a\000s\000\040\000d\000e\000\040\000t\000o\000k\000e\000n\000s}{section.3.1}% 14
\BOOKMARK [2][-]{subsection.3.1.2}{\376\377\000T\000o\000k\000e\000n\000s\000\040\000e\000s\000p\000e\000c\000i\000a\000l\000e\000s\000\040\000p\000a\000r\000a\000\040\000v\000e\000r\000i\000f\000i\000c\000a\000c\000i\000\363\000n}{section.3.1}% 15
\BOOKMARK [1][-]{section.3.2}{\376\377\000A\000n\000\341\000l\000i\000s\000i\000s\000\040\000s\000i\000n\000t\000\341\000c\000t\000i\000c\000o}{chapter.3}% 16
\BOOKMARK [2][-]{subsection.3.2.1}{\376\377\000E\000s\000t\000r\000u\000c\000t\000u\000r\000a\000\040\000g\000r\000a\000m\000a\000t\000i\000c\000a\000l\000\040\000p\000r\000i\000n\000c\000i\000p\000a\000l}{section.3.2}% 17
\BOOKMARK [2][-]{subsection.3.2.2}{\376\377\000G\000e\000s\000t\000i\000\363\000n\000\040\000d\000e\000\040\000a\000n\000o\000t\000a\000c\000i\000o\000n\000e\000s\000\040\000f\000o\000r\000m\000a\000l\000e\000s}{section.3.2}% 18
\BOOKMARK [1][-]{section.3.3}{\376\377\000\301\000r\000b\000o\000l\000\040\000S\000i\000n\000t\000\341\000c\000t\000i\000c\000o\000\040\000A\000b\000s\000t\000r\000a\000c\000t\000o\000\040\000\050\000A\000S\000T\000\051}{chapter.3}% 19
\BOOKMARK [2][-]{subsection.3.3.1}{\376\377\000J\000e\000r\000a\000r\000q\000u\000\355\000a\000\040\000d\000e\000\040\000n\000o\000d\000o\000s}{section.3.3}% 20
\BOOKMARK [2][-]{subsection.3.3.2}{\376\377\000N\000o\000d\000o\000s\000\040\000e\000s\000p\000e\000c\000i\000a\000l\000e\000s\000\040\000p\000a\000r\000a\000\040\000v\000e\000r\000i\000f\000i\000c\000a\000c\000i\000\363\000n}{section.3.3}% 21
\BOOKMARK [0][-]{chapter.4}{\376\377\000A\000n\000\341\000l\000i\000s\000i\000s\000\040\000s\000e\000m\000\341\000n\000t\000i\000c\000o}{}% 22
\BOOKMARK [1][-]{section.4.1}{\376\377\000T\000a\000b\000l\000a\000\040\000d\000e\000\040\000s\000\355\000m\000b\000o\000l\000o\000s}{chapter.4}% 23
\BOOKMARK [1][-]{section.4.2}{\376\377\000C\000o\000m\000p\000r\000o\000b\000a\000c\000i\000o\000n\000e\000s\000\040\000s\000e\000m\000\341\000n\000t\000i\000c\000a\000s}{chapter.4}% 24
\BOOKMARK [2][-]{subsection.4.2.1}{\376\377\000R\000e\000g\000l\000a\000s\000\040\000d\000e\000\040\000c\000o\000e\000r\000c\000i\000\363\000n\000\040\000d\000e\000\040\000t\000i\000p\000o\000s}{section.4.2}% 25
\BOOKMARK [1][-]{section.4.3}{\376\377\000E\000j\000e\000m\000p\000l\000o\000\040\000d\000e\000\040\000e\000r\000r\000o\000r\000\040\000s\000e\000m\000\341\000n\000t\000i\000c\000o\000\040\000d\000e\000t\000e\000c\000t\000a\000d\000o}{chapter.4}% 26
\BOOKMARK [1][-]{section.4.4}{\376\377\000V\000i\000s\000i\000t\000a\000\040\000a\000\040\000n\000o\000d\000o\000s\000\040\000d\000e\000\040\000e\000s\000p\000e\000c\000i\000f\000i\000c\000a\000c\000i\000\363\000n\000\040\000f\000o\000r\000m\000a\000l}{chapter.4}% 27
\BOOKMARK [0][-]{chapter.5}{\376\377\000R\000e\000p\000r\000e\000s\000e\000n\000t\000a\000c\000i\000\363\000n\000\040\000i\000n\000t\000e\000r\000m\000e\000d\000i\000a}{}% 28
\BOOKMARK [1][-]{section.5.1}{\376\377\000M\000o\000t\000i\000v\000a\000c\000i\000\363\000n}{chapter.5}% 29
\BOOKMARK [1][-]{section.5.2}{\376\377\000F\000o\000r\000m\000a\000t\000o\000\040\000d\000e\000\040\000c\000u\000\341\000d\000r\000u\000p\000l\000a\000s}{chapter.5}% 30
\BOOKMARK [1][-]{section.5.3}{\376\377\000A\000r\000g\000u\000m\000e\000n\000t\000o\000s\000\040\000I\000R}{chapter.5}% 31
\BOOKMARK [1][-]{section.5.4}{\376\377\000T\000r\000a\000d\000u\000c\000c\000i\000\363\000n\000\040\000d\000e\000\040\000c\000o\000n\000s\000t\000r\000u\000c\000c\000i\000o\000n\000e\000s}{chapter.5}% 32
\BOOKMARK [2][-]{subsection.5.4.1}{\376\377\000E\000x\000p\000r\000e\000s\000i\000\363\000n\000\040\000a\000r\000i\000t\000m\000\351\000t\000i\000c\000a}{section.5.4}% 33
\BOOKMARK [2][-]{subsection.5.4.2}{\376\377\000S\000e\000n\000t\000e\000n\000c\000i\000a\000\040\000i\000f\000-\000e\000l\000s\000e}{section.5.4}% 34
\BOOKMARK [2][-]{subsection.5.4.3}{\376\377\000B\000u\000c\000l\000e\000\040\000w\000h\000i\000l\000e}{section.5.4}% 35
\BOOKMARK [2][-]{subsection.5.4.4}{\376\377\000L\000l\000a\000m\000a\000d\000a\000\040\000a\000\040\000f\000u\000n\000c\000i\000\363\000n}{section.5.4}% 36
\BOOKMARK [1][-]{section.5.5}{\376\377\000V\000i\000s\000u\000a\000l\000i\000z\000a\000c\000i\000\363\000n\000\040\000d\000e\000\040\000l\000a\000\040\000I\000R}{chapter.5}% 37
\BOOKMARK [0][-]{chapter.6}{\376\377\000B\000a\000c\000k\000e\000n\000d\000\040\000x\0008\0006\000-\0006\0004}{}% 38
\BOOKMARK [1][-]{section.6.1}{\376\377\000C\000o\000n\000v\000e\000n\000c\000i\000\363\000n\000\040\000d\000e\000\040\000l\000l\000a\000m\000a\000d\000a\000\040\000S\000y\000s\000t\000e\000m\000\040\000V\000\040\000A\000M\000D\0006\0004\000\040\000A\000B\000I}{chapter.6}% 39
\BOOKMARK [1][-]{section.6.2}{\376\377\000M\000a\000r\000c\000o\000\040\000d\000e\000\040\000p\000i\000l\000a}{chapter.6}% 40
\BOOKMARK [1][-]{section.6.3}{\376\377\000G\000e\000n\000e\000r\000a\000c\000i\000\363\000n\000\040\000d\000e\000\040\000c\000\363\000d\000i\000g\000o\000\040\000p\000o\000r\000\040\000o\000p\000c\000o\000d\000e}{chapter.6}% 41
\BOOKMARK [2][-]{subsection.6.3.1}{\376\377\000O\000p\000e\000r\000a\000c\000i\000o\000n\000e\000s\000\040\000a\000r\000i\000t\000m\000\351\000t\000i\000c\000a\000s\000\040\000e\000n\000t\000e\000r\000a\000s}{section.6.3}% 42
\BOOKMARK [2][-]{subsection.6.3.2}{\376\377\000S\000a\000l\000t\000o\000s\000\040\000c\000o\000n\000d\000i\000c\000i\000o\000n\000a\000l\000e\000s}{section.6.3}% 43
\BOOKMARK [2][-]{subsection.6.3.3}{\376\377\000L\000l\000a\000m\000a\000d\000a\000s\000\040\000a\000\040\000f\000u\000n\000c\000i\000\363\000n}{section.6.3}% 44
\BOOKMARK [2][-]{subsection.6.3.4}{\376\377\000E\000/\000S\000\040\000c\000o\000n\000\040\000p\000r\000i\000n\000t\000f\000\040\000y\000\040\000s\000c\000a\000n\000f}{section.6.3}% 45
\BOOKMARK [1][-]{section.6.4}{\376\377\000E\000j\000e\000m\000p\000l\000o\000\040\000c\000o\000m\000p\000l\000e\000t\000o\000\040\000d\000e\000\040\000p\000r\000o\000g\000r\000a\000m\000a\000\040\000c\000o\000m\000p\000i\000l\000a\000d\000o}{chapter.6}% 46
\BOOKMARK [0][-]{chapter.7}{\376\377\000O\000p\000t\000i\000m\000i\000z\000a\000c\000i\000o\000n\000e\000s\000\040\000s\000o\000b\000r\000e\000\040\000l\000a\000\040\000r\000e\000p\000r\000e\000s\000e\000n\000t\000a\000c\000i\000\363\000n\000\040\000i\000n\000t\000e\000r\000m\000e\000d\000i\000a}{}% 47
\BOOKMARK [1][-]{section.7.1}{\376\377\000I\000n\000t\000r\000o\000d\000u\000c\000c\000i\000\363\000n}{chapter.7}% 48
\BOOKMARK [1][-]{section.7.2}{\376\377\000E\000l\000i\000m\000i\000n\000a\000c\000i\000\363\000n\000\040\000d\000e\000\040\000c\000\363\000d\000i\000g\000o\000\040\000m\000u\000e\000r\000t\000o}{chapter.7}% 49
\BOOKMARK [1][-]{section.7.3}{\376\377\000P\000l\000e\000g\000a\000d\000o\000\040\000d\000e\000\040\000c\000o\000n\000s\000t\000a\000n\000t\000e\000s}{chapter.7}% 50
\BOOKMARK [1][-]{section.7.4}{\376\377\000P\000r\000o\000p\000a\000g\000a\000c\000i\000\363\000n\000\040\000d\000e\000\040\000c\000o\000p\000i\000a\000s}{chapter.7}% 51
\BOOKMARK [1][-]{section.7.5}{\376\377\000I\000m\000p\000a\000c\000t\000o\000\040\000d\000e\000\040\000l\000a\000s\000\040\000o\000p\000t\000i\000m\000i\000z\000a\000c\000i\000o\000n\000e\000s}{chapter.7}% 52
\BOOKMARK [0][-]{chapter.8}{\376\377\000A\000s\000i\000g\000n\000a\000c\000i\000\363\000n\000\040\000d\000e\000\040\000r\000e\000g\000i\000s\000t\000r\000o\000s\000:\000\040\000C\000h\000a\000i\000t\000i\000n\000-\000B\000r\000i\000g\000g\000s}{}% 53
\BOOKMARK [1][-]{section.8.1}{\376\377\000M\000o\000t\000i\000v\000a\000c\000i\000\363\000n}{chapter.8}% 54
\BOOKMARK [1][-]{section.8.2}{\376\377\000R\000e\000g\000i\000s\000t\000r\000o\000s\000\040\000d\000i\000s\000p\000o\000n\000i\000b\000l\000e\000s}{chapter.8}% 55
\BOOKMARK [1][-]{section.8.3}{\376\377\000A\000l\000g\000o\000r\000i\000t\000m\000o}{chapter.8}% 56
\BOOKMARK [2][-]{subsection.8.3.1}{\376\377\000F\000a\000s\000e\000\040\0001\000:\000\040\000A\000n\000\341\000l\000i\000s\000i\000s\000\040\000d\000e\000\040\000v\000i\000v\000a\000c\000i\000d\000a\000d}{section.8.3}% 57
\BOOKMARK [2][-]{subsection.8.3.2}{\376\377\000F\000a\000s\000e\000\040\0002\000:\000\040\000G\000r\000a\000f\000o\000\040\000d\000e\000\040\000i\000n\000t\000e\000r\000f\000e\000r\000e\000n\000c\000i\000a\000s}{section.8.3}% 58
\BOOKMARK [2][-]{subsection.8.3.3}{\376\377\000F\000a\000s\000e\000\040\0003\000:\000\040\000C\000o\000l\000o\000r\000a\000c\000i\000\363\000n\000\040\000d\000e\000l\000\040\000g\000r\000a\000f\000o}{section.8.3}% 59
\BOOKMARK [1][-]{section.8.4}{\376\377\000U\000s\000o\000\040\000d\000e\000l\000\040\000r\000e\000s\000u\000l\000t\000a\000d\000o}{chapter.8}% 60
\BOOKMARK [0][-]{chapter.9}{\376\377\000V\000e\000r\000i\000f\000i\000c\000a\000c\000i\000\363\000n\000\040\000f\000o\000r\000m\000a\000l\000:\000\040\000L\000\363\000g\000i\000c\000a\000\040\000d\000e\000\040\000H\000o\000a\000r\000e\000\040\000y\000\040\000c\000\341\000l\000c\000u\000l\000o\000\040\000W\000P}{}% 61
\BOOKMARK [1][-]{section.9.1}{\376\377\000F\000u\000n\000d\000a\000m\000e\000n\000t\000o\000s\000\040\000t\000e\000\363\000r\000i\000c\000o\000s}{chapter.9}% 62
\BOOKMARK [2][-]{subsection.9.1.1}{\376\377\000L\000\363\000g\000i\000c\000a\000\040\000d\000e\000\040\000H\000o\000a\000r\000e}{section.9.1}% 63
\BOOKMARK [2][-]{subsection.9.1.2}{\376\377\000C\000\341\000l\000c\000u\000l\000o\000\040\000d\000e\000\040\000P\000r\000e\000c\000o\000n\000d\000i\000c\000i\000o\000n\000e\000s\000\040\000M\000\341\000s\000\040\000D\000\351\000b\000i\000l\000e\000s}{section.9.1}% 64
\BOOKMARK [1][-]{section.9.2}{\376\377\000R\000e\000g\000l\000a\000s\000\040\000d\000e\000l\000\040\000c\000\341\000l\000c\000u\000l\000o\000\040\000W\000P}{chapter.9}% 65
\BOOKMARK [2][-]{subsection.9.2.1}{\376\377\000R\000e\000g\000l\000a\000\040\000d\000e\000\040\000l\000a\000\040\000a\000s\000i\000g\000n\000a\000c\000i\000\363\000n\000\040\000\050\000V\000E\000R\000-\0004\000\051}{section.9.2}% 66
\BOOKMARK [2][-]{subsection.9.2.2}{\376\377\000R\000e\000g\000l\000a\000\040\000d\000e\000\040\000l\000a\000\040\000c\000o\000m\000p\000o\000s\000i\000c\000i\000\363\000n\000\040\000\050\000V\000E\000R\000-\0005\000\051}{section.9.2}% 67
\BOOKMARK [2][-]{subsection.9.2.3}{\376\377\000R\000e\000g\000l\000a\000\040\000d\000e\000l\000\040\000c\000o\000n\000d\000i\000c\000i\000o\000n\000a\000l}{section.9.2}% 68
\BOOKMARK [2][-]{subsection.9.2.4}{\376\377\000R\000e\000g\000l\000a\000\040\000d\000e\000l\000\040\000r\000e\000t\000o\000r\000n\000o}{section.9.2}% 69
\BOOKMARK [2][-]{subsection.9.2.5}{\376\377\000R\000e\000g\000l\000a\000\040\000d\000e\000l\000\040\000b\000u\000c\000l\000e\000\040\000c\000o\000n\000\040\000i\000n\000v\000a\000r\000i\000a\000n\000t\000e\000\040\000\050\000V\000E\000R\000-\0006\000\051}{section.9.2}% 70
\BOOKMARK [1][-]{section.9.3}{\376\377\000J\000e\000r\000a\000r\000q\000u\000\355\000a\000\040\000d\000e\000\040\000p\000r\000e\000d\000i\000c\000a\000d\000o\000s}{chapter.9}% 71
\BOOKMARK [1][-]{section.9.4}{\376\377\000G\000e\000n\000e\000r\000a\000c\000i\000\363\000n\000\040\000d\000e\000\040\000c\000o\000n\000d\000i\000c\000i\000o\000n\000e\000s\000\040\000d\000e\000\040\000v\000e\000r\000i\000f\000i\000c\000a\000c\000i\000\363\000n\000\040\000\050\000V\000E\000R\000-\0007\000\051}{chapter.9}% 72
\BOOKMARK [1][-]{section.9.5}{\376\377\000E\000x\000p\000o\000r\000t\000a\000c\000i\000\363\000n\000\040\000a\000\040\000S\000M\000T\000-\000L\000i\000b\0002\000\040\000\050\000V\000E\000R\000-\0008\000\051}{chapter.9}% 73
\BOOKMARK [1][-]{section.9.6}{\376\377\000I\000n\000t\000e\000r\000p\000r\000e\000t\000a\000c\000i\000\363\000n\000\040\000d\000e\000\040\000r\000e\000s\000u\000l\000t\000a\000d\000o\000s\000\040\000\050\000V\000E\000R\000-\0001\0000\000\051}{chapter.9}% 74
\BOOKMARK [1][-]{section.9.7}{\376\377\000E\000j\000e\000m\000p\000l\000o\000\040\000c\000o\000m\000p\000l\000e\000t\000o\000\040\000d\000e\000\040\000v\000e\000r\000i\000f\000i\000c\000a\000c\000i\000\363\000n}{chapter.9}% 75
\BOOKMARK [2][-]{subsection.9.7.1}{\376\377\000F\000u\000n\000c\000i\000\363\000n\000\040\000a\000b\000s\000V\000a\000l\000u\000e}{section.9.7}% 76
\BOOKMARK [2][-]{subsection.9.7.2}{\376\377\000F\000u\000n\000c\000i\000\363\000n\000\040\000w\000r\000o\000n\000g\000M\000e\000t\000h\000o\000d\000\040\000\050\000b\000u\000g\000\040\000i\000n\000t\000e\000n\000c\000i\000o\000n\000a\000l\000\051}{section.9.7}% 77
\BOOKMARK [2][-]{subsection.9.7.3}{\376\377\000S\000u\000m\000a\000\040\000c\000o\000n\000\040\000i\000n\000v\000a\000r\000i\000a\000n\000t\000e\000\040\000d\000e\000\040\000b\000u\000c\000l\000e}{section.9.7}% 78
\BOOKMARK [1][-]{section.9.8}{\376\377\000N\000o\000t\000a\000\040\000s\000o\000b\000r\000e\000\040\000i\000n\000v\000a\000r\000i\000a\000n\000t\000e\000s}{chapter.9}% 79
\BOOKMARK [0][-]{chapter.10}{\376\377\000S\000u\000i\000t\000e\000\040\000d\000e\000\040\000p\000r\000u\000e\000b\000a\000s}{}% 80
\BOOKMARK [1][-]{section.10.1}{\376\377\000O\000r\000g\000a\000n\000i\000z\000a\000c\000i\000\363\000n}{chapter.10}% 81
\BOOKMARK [1][-]{section.10.2}{\376\377\000P\000r\000u\000e\000b\000a\000s\000\040\000d\000e\000\040\000b\000a\000c\000k\000e\000n\000d}{chapter.10}% 82
\BOOKMARK [1][-]{section.10.3}{\376\377\000P\000r\000u\000e\000b\000a\000s\000\040\000s\000e\000m\000\341\000n\000t\000i\000c\000a\000s}{chapter.10}% 83
\BOOKMARK [1][-]{section.10.4}{\376\377\000P\000r\000u\000e\000b\000a\000s\000\040\000d\000e\000\040\000v\000e\000r\000i\000f\000i\000c\000a\000c\000i\000\363\000n\000\040\000f\000o\000r\000m\000a\000l}{chapter.10}% 84
\BOOKMARK [2][-]{subsection.10.4.1}{\376\377\000S\000a\000l\000i\000d\000a\000\040\000d\000e\000\040\000e\000j\000e\000m\000p\000l\000o\000:\000\040\000d\000e\000m\000o\000\137\000v\000e\000r\000i\000f\000i\000e\000d\000.\000j\000a\000v\000a}{section.10.4}% 85
\BOOKMARK [1][-]{section.10.5}{\376\377\000S\000c\000r\000i\000p\000t\000\040\000d\000e\000\040\000e\000j\000e\000c\000u\000c\000i\000\363\000n}{chapter.10}% 86
\BOOKMARK [0][-]{appendix.Alph1}{\376\377\000G\000r\000a\000m\000\341\000t\000i\000c\000a\000\040\000B\000N\000F\000\040\000d\000e\000l\000\040\000s\000u\000b\000c\000o\000n\000j\000u\000n\000t\000o\000\040\000J\000a\000v\000a}{}% 87
\BOOKMARK [1][-]{section.Alph1.1}{\376\377\000E\000s\000t\000r\000u\000c\000t\000u\000r\000a\000\040\000d\000e\000l\000\040\000p\000r\000o\000g\000r\000a\000m\000a}{appendix.Alph1}% 88
\BOOKMARK [1][-]{section.Alph1.2}{\376\377\000D\000e\000c\000l\000a\000r\000a\000c\000i\000\363\000n\000\040\000d\000e\000\040\000m\000\351\000t\000o\000d\000o\000s}{appendix.Alph1}% 89
\BOOKMARK [1][-]{section.Alph1.3}{\376\377\000S\000e\000n\000t\000e\000n\000c\000i\000a\000s}{appendix.Alph1}% 90
\BOOKMARK [1][-]{section.Alph1.4}{\376\377\000E\000x\000p\000r\000e\000s\000i\000o\000n\000e\000s}{appendix.Alph1}% 91
\BOOKMARK [1][-]{section.Alph1.5}{\376\377\000A\000n\000o\000t\000a\000c\000i\000o\000n\000e\000s\000\040\000d\000e\000\040\000v\000e\000r\000i\000f\000i\000c\000a\000c\000i\000\363\000n}{appendix.Alph1}% 92
\BOOKMARK [1][-]{section.Alph1.6}{\376\377\000P\000r\000e\000c\000e\000d\000e\000n\000c\000i\000a\000\040\000y\000\040\000a\000s\000o\000c\000i\000a\000t\000i\000v\000i\000d\000a\000d\000\040\000d\000e\000\040\000o\000p\000e\000r\000a\000d\000o\000r\000e\000s}{appendix.Alph1}% 93
\BOOKMARK [0][-]{appendix.Alph2}{\376\377\000R\000e\000f\000e\000r\000e\000n\000c\000i\000a\000\040\000d\000e\000\040\000i\000n\000s\000t\000r\000u\000c\000c\000i\000o\000n\000e\000s\000\040\000x\0008\0006\000-\0006\0004}{}% 94
\BOOKMARK [1][-]{section.Alph2.1}{\376\377\000I\000n\000s\000t\000r\000u\000c\000c\000i\000o\000n\000e\000s\000\040\000d\000e\000\040\000t\000r\000a\000n\000s\000f\000e\000r\000e\000n\000c\000i\000a\000\040\000d\000e\000\040\000d\000a\000t\000o\000s}{appendix.Alph2}% 95
\BOOKMARK [1][-]{section.Alph2.2}{\376\377\000I\000n\000s\000t\000r\000u\000c\000c\000i\000o\000n\000e\000s\000\040\000a\000r\000i\000t\000m\000\351\000t\000i\000c\000a\000s\000\040\000e\000n\000t\000e\000r\000a\000s}{appendix.Alph2}% 96
\BOOKMARK [1][-]{section.Alph2.3}{\376\377\000I\000n\000s\000t\000r\000u\000c\000c\000i\000o\000n\000e\000s\000\040\000d\000e\000\040\000c\000o\000m\000p\000a\000r\000a\000c\000i\000\363\000n\000\040\000y\000\040\000s\000a\000l\000t\000o}{appendix.Alph2}% 97
\BOOKMARK [1][-]{section.Alph2.4}{\376\377\000I\000n\000s\000t\000r\000u\000c\000c\000i\000o\000n\000e\000s\000\040\000d\000e\000\040\000c\000o\000n\000t\000r\000o\000l\000\040\000d\000e\000\040\000f\000l\000u\000j\000o\000\040\000y\000\040\000l\000l\000a\000m\000a\000d\000a\000s}{appendix.Alph2}% 98
\BOOKMARK [1][-]{section.Alph2.5}{\376\377\000I\000n\000s\000t\000r\000u\000c\000c\000i\000o\000n\000e\000s\000\040\000d\000e\000\040\000p\000u\000n\000t\000o\000\040\000f\000l\000o\000t\000a\000n\000t\000e\000\040\000S\000S\000E\0002}{appendix.Alph2}% 99
\BOOKMARK [1][-]{section.Alph2.6}{\376\377\000D\000i\000r\000e\000c\000t\000i\000v\000a\000s\000\040\000d\000e\000l\000\040\000e\000n\000s\000a\000m\000b\000l\000a\000d\000o\000r}{appendix.Alph2}% 100
\BOOKMARK [1][-]{section.Alph2.7}{\376\377\000C\000o\000n\000v\000e\000n\000c\000i\000\363\000n\000\040\000d\000e\000\040\000r\000e\000g\000i\000s\000t\000r\000o\000\040\000d\000e\000\040\000m\000a\000r\000c\000o\000s\000\040\000\050\000\045\000r\000b\000p\000\051}{appendix.Alph2}% 101
